cicmapcwlvdatmgwdylh.supabase.co/rest/v1/zones?select=*&project_id=eq.9bc2cca4-bb20-4123-8ae6-43c4dd74fed2&order=created_at.desc:1  Failed to load resource: the server responded with a status of 500 ()
cicmapcwlvdatmgwdylh.supabase.co/rest/v1/zones?select=*&project_id=eq.0f4e85dd-cfbd-4369-ae76-be86ec4d023b&order=created_at.desc:1  Failed to load resource: the server responded with a status of 500 ()
cicmapcwlvdatmgwdylh.supabase.co/rest/v1/zones?select=*&project_id=eq.a1a667b5-f3b8-4cb9-a128-9a2ce304615e&order=created_at.desc:1  Failed to load resource: the server responded with a status of 500 ()
cicmapcwlvdatmgwdylh.supabase.co/rest/v1/zones?select=*&project_id=eq.ef22570c-8c96-4dbe-8c89-471a0d33314e&order=created_at.desc:1  Failed to load resource: the server responded with a status of 500 ()
cicmapcwlvdatmgwdylh.supabase.co/rest/v1/zones?select=*&project_id=eq.46722224-b36d-4b94-9e7e-33ae17d77740&order=created_at.desc:1  Failed to load resource: the server responded with a status of 500 ()
cicmapcwlvdatmgwdylh.supabase.co/rest/v1/zones?select=*&project_id=eq.23792602-055a-4a60-b1d1-2c3df189493d&order=created_at.desc:1  Failed to load resource: the server responded with a status of 500 ()
cicmapcwlvdatmgwdylh.supabase.co/rest/v1/zones?select=*&project_id=eq.e537555c-42f1-4624-930c-a3157e4674f1&order=created_at.desc:1  Failed to load resource: the server responded with a status of 500 ()
cicmapcwlvdatmgwdylh.supabase.co/rest/v1/hex_cells?select=*&project_id=eq.9bc2cca4-bb20-4123-8ae6-43c4dd74fed2:1  Failed to load resource: the server responded with a status of 500 ()
cicmapcwlvdatmgwdylh.supabase.co/rest/v1/zones?select=*&project_id=eq.d60b597b-b68a-4b2c-b980-1a6ac9d9de39&order=created_at.desc:1  Failed to load resource: the server responded with a status of 500 ()
cicmapcwlvdatmgwdylh.supabase.co/rest/v1/zones?select=*&project_id=eq.e0cb57e2-f885-40a7-9961-858ca61953db&order=created_at.desc:1  Failed to load resource: the server responded with a status of 500 ()
cicmapcwlvdatmgwdylh.supabase.co/rest/v1/zones?select=*&project_id=eq.048998dd-8c93-4659-8c31-44367d16ccbd&order=created_at.desc:1  Failed to load resource: the server responded with a status of 500 ()
cicmapcwlvdatmgwdylh.supabase.co/rest/v1/zones?select=*&project_id=eq.c5fb9648-e782-4799-bbf6-954ab96f5190&order=created_at.desc:1  Failed to load resource: the server responded with a status of 500 ()
cicmapcwlvdatmgwdylh.supabase.co/rest/v1/zones?select=*&project_id=eq.0f4e85dd-cfbd-4369-ae76-be86ec4d023b&order=created_at.desc:1  Failed to load resource: the server responded with a status of 500 ()
cicmapcwlvdatmgwdylh.supabase.co/rest/v1/hex_cells?select=*&project_id=eq.0f4e85dd-cfbd-4369-ae76-be86ec4d023b:1  Failed to load resource: the server responded with a status of 500 ()
cicmapcwlvdatmgwdylh.supabase.co/rest/v1/zones?select=*&project_id=eq.9bc2cca4-bb20-4123-8ae6-43c4dd74fed2&order=created_at.desc:1  Failed to load resource: the server responded with a status of 500 ()
cicmapcwlvdatmgwdylh.supabase.co/rest/v1/zones?select=*&project_id=eq.a1a667b5-f3b8-4cb9-a128-9a2ce304615e&order=created_at.desc:1  Failed to load resource: the server responded with a status of 500 ()
cicmapcwlvdatmgwdylh.supabase.co/rest/v1/zones?select=*&project_id=eq.ef22570c-8c96-4dbe-8c89-471a0d33314e&order=created_at.desc:1  Failed to load resource: the server responded with a status of 500 ()
cicmapcwlvdatmgwdylh.supabase.co/rest/v1/zones?select=*&project_id=eq.23792602-055a-4a60-b1d1-2c3df189493d&order=created_at.desc:1  Failed to load resource: the server responded with a status of 500 ()
cicmapcwlvdatmgwdylh.supabase.co/rest/v1/hex_cells?select=*&project_id=eq.e537555c-42f1-4624-930c-a3157e4674f1:1  Failed to load resource: the server responded with a status of 500 ()
cicmapcwlvdatmgwdylh.supabase.co/rest/v1/hex_cells?select=*&project_id=eq.a1a667b5-f3b8-4cb9-a128-9a2ce304615e:1  Failed to load resource: the server responded with a status of 500 ()
cicmapcwlvdatmgwdylh.supabase.co/rest/v1/zones?select=*&project_id=eq.46722224-b36d-4b94-9e7e-33ae17d77740&order=created_at.desc:1  Failed to load resource: the server responded with a status of 500 ()
cicmapcwlvdatmgwdylh.supabase.co/rest/v1/hex_cells?select=*&project_id=eq.ef22570c-8c96-4dbe-8c89-471a0d33314e:1  Failed to load resource: the server responded with a status of 500 ()
cicmapcwlvdatmgwdylh.supabase.co/rest/v1/zones?select=*&project_id=eq.048998dd-8c93-4659-8c31-44367d16ccbd&order=created_at.desc:1  Failed to load resource: the server responded with a status of 500 ()
cicmapcwlvdatmgwdylh.supabase.co/rest/v1/hex_cells?select=*&project_id=eq.23792602-055a-4a60-b1d1-2c3df189493d:1  Failed to load resource: the server responded with a status of 500 ()
cicmapcwlvdatmgwdylh.supabase.co/rest/v1/hex_cells?select=*&project_id=eq.46722224-b36d-4b94-9e7e-33ae17d77740:1  Failed to load resource: the server responded with a status of 500 ()
cicmapcwlvdatmgwdylh.supabase.co/rest/v1/zones?select=*&project_id=eq.c5fb9648-e782-4799-bbf6-954ab96f5190&order=created_at.desc:1  Failed to load resource: the server responded with a status of 500 ()
cicmapcwlvdatmgwdylh.supabase.co/rest/v1/zones?select=*&project_id=eq.e537555c-42f1-4624-930c-a3157e4674f1&order=created_at.desc:1  Failed to load resource: the server responded with a status of 500 ()
cicmapcwlvdatmgwdylh.supabase.co/rest/v1/hex_cells?select=*&project_id=eq.c5fb9648-e782-4799-bbf6-954ab96f5190:1  Failed to load resource: the server responded with a status of 500 ()
cicmapcwlvdatmgwdylh.supabase.co/rest/v1/hex_cells?select=*&project_id=eq.0f4e85dd-cfbd-4369-ae76-be86ec4d023b:1  Failed to load resource: the server responded with a status of 500 ()
cicmapcwlvdatmgwdylh.supabase.co/rest/v1/buildings?select=*&project_id=eq.0f4e85dd-cfbd-4369-ae76-be86ec4d023b:1  Failed to load resource: the server responded with a status of 500 ()
cicmapcwlvdatmgwdylh.supabase.co/rest/v1/hex_cells?select=*&project_id=eq.9bc2cca4-bb20-4123-8ae6-43c4dd74fed2:1  Failed to load resource: the server responded with a status of 500 ()
cicmapcwlvdatmgwdylh.supabase.co/rest/v1/hex_cells?select=*&project_id=eq.e0cb57e2-f885-40a7-9961-858ca61953db:1  Failed to load resource: the server responded with a status of 500 ()
cicmapcwlvdatmgwdylh.supabase.co/rest/v1/zones?select=*&project_id=eq.e0cb57e2-f885-40a7-9961-858ca61953db&order=created_at.desc:1  Failed to load resource: the server responded with a status of 500 ()
cicmapcwlvdatmgwdylh.supabase.co/rest/v1/zones?select=*&project_id=eq.d60b597b-b68a-4b2c-b980-1a6ac9d9de39&order=created_at.desc:1  Failed to load resource: the server responded with a status of 500 ()
cicmapcwlvdatmgwdylh.supabase.co/rest/v1/hex_cells?select=*&project_id=eq.ef22570c-8c96-4dbe-8c89-471a0d33314e:1  Failed to load resource: the server responded with a status of 500 ()
cicmapcwlvdatmgwdylh.supabase.co/rest/v1/hex_cells?select=*&project_id=eq.048998dd-8c93-4659-8c31-44367d16ccbd:1  Failed to load resource: the server responded with a status of 500 ()
cicmapcwlvdatmgwdylh.supabase.co/rest/v1/hex_cells?select=*&project_id=eq.46722224-b36d-4b94-9e7e-33ae17d77740:1  Failed to load resource: the server responded with a status of 500 ()
cicmapcwlvdatmgwdylh.supabase.co/rest/v1/buildings?select=*&project_id=eq.ef22570c-8c96-4dbe-8c89-471a0d33314e:1  Failed to load resource: the server responded with a status of 500 ()
cicmapcwlvdatmgwdylh.supabase.co/rest/v1/buildings?select=*&project_id=eq.9bc2cca4-bb20-4123-8ae6-43c4dd74fed2:1  Failed to load resource: the server responded with a status of 500 ()
cicmapcwlvdatmgwdylh.supabase.co/rest/v1/hex_cells?select=*&project_id=eq.d60b597b-b68a-4b2c-b980-1a6ac9d9de39:1  Failed to load resource: the server responded with a status of 500 ()
cicmapcwlvdatmgwdylh.supabase.co/rest/v1/hex_cells?select=*&project_id=eq.a1a667b5-f3b8-4cb9-a128-9a2ce304615e:1  Failed to load resource: the server responded with a status of 500 ()
cicmapcwlvdatmgwdylh.supabase.co/rest/v1/buildings?select=*&project_id=eq.a1a667b5-f3b8-4cb9-a128-9a2ce304615e:1  Failed to load resource: the server responded with a status of 500 ()
cicmapcwlvdatmgwdylh.supabase.co/rest/v1/buildings?select=*&project_id=eq.e537555c-42f1-4624-930c-a3157e4674f1:1  Failed to load resource: the server responded with a status of 500 ()
cicmapcwlvdatmgwdylh.supabase.co/rest/v1/hex_cells?select=*&project_id=eq.c5fb9648-e782-4799-bbf6-954ab96f5190:1  Failed to load resource: the server responded with a status of 500 ()
cicmapcwlvdatmgwdylh.supabase.co/rest/v1/buildings?select=*&project_id=eq.c5fb9648-e782-4799-bbf6-954ab96f5190:1  Failed to load resource: the server responded with a status of 500 ()
cicmapcwlvdatmgwdylh.supabase.co/rest/v1/buildings?select=*&project_id=eq.23792602-055a-4a60-b1d1-2c3df189493d:1  Failed to load resource: the server responded with a status of 500 ()
cicmapcwlvdatmgwdylh.supabase.co/rest/v1/buildings?select=*&project_id=eq.46722224-b36d-4b94-9e7e-33ae17d77740:1  Failed to load resource: the server responded with a status of 500 ()
cicmapcwlvdatmgwdylh.supabase.co/rest/v1/zone_object_links?select=*&project_id=eq.0f4e85dd-cfbd-4369-ae76-be86ec4d023b:1  Failed to load resource: the server responded with a status of 500 ()
cicmapcwlvdatmgwdylh.supabase.co/rest/v1/hex_cells?select=*&project_id=eq.23792602-055a-4a60-b1d1-2c3df189493d:1  Failed to load resource: the server responded with a status of 500 ()
cicmapcwlvdatmgwdylh.supabase.co/rest/v1/buildings?select=*&project_id=eq.0f4e85dd-cfbd-4369-ae76-be86ec4d023b:1  Failed to load resource: the server responded with a status of 500 ()
cicmapcwlvdatmgwdylh.supabase.co/rest/v1/hex_cells?select=*&project_id=eq.e537555c-42f1-4624-930c-a3157e4674f1:1  Failed to load resource: the server responded with a status of 500 ()
cicmapcwlvdatmgwdylh.supabase.co/rest/v1/hex_cells?select=*&project_id=eq.e0cb57e2-f885-40a7-9961-858ca61953db:1  Failed to load resource: the server responded with a status of 500 ()
cicmapcwlvdatmgwdylh.supabase.co/rest/v1/hex_cells?select=*&project_id=eq.048998dd-8c93-4659-8c31-44367d16ccbd:1  Failed to load resource: the server responded with a status of 500 ()
cicmapcwlvdatmgwdylh.supabase.co/rest/v1/buildings?select=*&project_id=eq.9bc2cca4-bb20-4123-8ae6-43c4dd74fed2:1  Failed to load resource: the server responded with a status of 500 ()
cicmapcwlvdatmgwdylh.supabase.co/rest/v1/hex_cells?select=*&project_id=eq.d60b597b-b68a-4b2c-b980-1a6ac9d9de39:1  Failed to load resource: the server responded with a status of 500 ()
cicmapcwlvdatmgwdylh.supabase.co/rest/v1/buildings?select=*&project_id=eq.ef22570c-8c96-4dbe-8c89-471a0d33314e:1  Failed to load resource: the server responded with a status of 500 ()
cicmapcwlvdatmgwdylh.supabase.co/rest/v1/zone_object_links?select=*&project_id=eq.a1a667b5-f3b8-4cb9-a128-9a2ce304615e:1  Failed to load resource: the server responded with a status of 500 ()
cicmapcwlvdatmgwdylh.supabase.co/rest/v1/zone_object_links?select=*&project_id=eq.9bc2cca4-bb20-4123-8ae6-43c4dd74fed2:1  Failed to load resource: the server responded with a status of 500 ()
cicmapcwlvdatmgwdylh.supabase.co/rest/v1/buildings?select=*&project_id=eq.d60b597b-b68a-4b2c-b980-1a6ac9d9de39:1  Failed to load resource: the server responded with a status of 500 ()
cicmapcwlvdatmgwdylh.supabase.co/rest/v1/zone_object_links?select=*&project_id=eq.ef22570c-8c96-4dbe-8c89-471a0d33314e:1  Failed to load resource: the server responded with a status of 500 ()
cicmapcwlvdatmgwdylh.supabase.co/rest/v1/buildings?select=*&project_id=eq.c5fb9648-e782-4799-bbf6-954ab96f5190:1  Failed to load resource: the server responded with a status of 500 ()
cicmapcwlvdatmgwdylh.supabase.co/rest/v1/zone_object_links?select=*&project_id=eq.c5fb9648-e782-4799-bbf6-954ab96f5190:1  Failed to load resource: the server responded with a status of 500 ()
cicmapcwlvdatmgwdylh.supabase.co/rest/v1/zone_object_links?select=*&project_id=eq.23792602-055a-4a60-b1d1-2c3df189493d:1  Failed to load resource: the server responded with a status of 500 ()
cicmapcwlvdatmgwdylh.supabase.co/rest/v1/zone_object_links?select=*&project_id=eq.46722224-b36d-4b94-9e7e-33ae17d77740:1  Failed to load resource: the server responded with a status of 500 ()
cicmapcwlvdatmgwdylh.supabase.co/rest/v1/buildings?select=*&project_id=eq.048998dd-8c93-4659-8c31-44367d16ccbd:1  Failed to load resource: the server responded with a status of 500 ()
cicmapcwlvdatmgwdylh.supabase.co/rest/v1/zone_object_links?select=*&project_id=eq.e537555c-42f1-4624-930c-a3157e4674f1:1  Failed to load resource: the server responded with a status of 500 ()
cicmapcwlvdatmgwdylh.supabase.co/rest/v1/buildings?select=*&project_id=eq.e0cb57e2-f885-40a7-9961-858ca61953db:1  Failed to load resource: the server responded with a status of 500 ()
cicmapcwlvdatmgwdylh.supabase.co/rest/v1/buildings?select=*&project_id=eq.46722224-b36d-4b94-9e7e-33ae17d77740:1  Failed to load resource: the server responded with a status of 500 ()
cicmapcwlvdatmgwdylh.supabase.co/rest/v1/zone_object_links?select=*&project_id=eq.0f4e85dd-cfbd-4369-ae76-be86ec4d023b:1  Failed to load resource: the server responded with a status of 500 ()
cicmapcwlvdatmgwdylh.supabase.co/rest/v1/buildings?select=*&project_id=eq.23792602-055a-4a60-b1d1-2c3df189493d:1  Failed to load resource: the server responded with a status of 500 ()
cicmapcwlvdatmgwdylh.supabase.co/rest/v1/buildings?select=*&project_id=eq.a1a667b5-f3b8-4cb9-a128-9a2ce304615e:1  Failed to load resource: the server responded with a status of 500 ()
cicmapcwlvdatmgwdylh.supabase.co/rest/v1/buildings?select=*&project_id=eq.e537555c-42f1-4624-930c-a3157e4674f1:1  Failed to load resource: the server responded with a status of 500 ()
cicmapcwlvdatmgwdylh.supabase.co/rest/v1/zone_object_links?select=*&project_id=eq.9bc2cca4-bb20-4123-8ae6-43c4dd74fed2:1  Failed to load resource: the server responded with a status of 500 ()
cicmapcwlvdatmgwdylh.supabase.co/rest/v1/buildings?select=*&project_id=eq.d60b597b-b68a-4b2c-b980-1a6ac9d9de39:1  Failed to load resource: the server responded with a status of 500 ()
cicmapcwlvdatmgwdylh.supabase.co/rest/v1/buildings?select=*&project_id=eq.048998dd-8c93-4659-8c31-44367d16ccbd:1  Failed to load resource: the server responded with a status of 500 ()
cicmapcwlvdatmgwdylh.supabase.co/rest/v1/buildings?select=*&project_id=eq.e0cb57e2-f885-40a7-9961-858ca61953db:1  Failed to load resource: the server responded with a status of 500 ()
cicmapcwlvdatmgwdylh.supabase.co/rest/v1/zone_object_links?select=*&project_id=eq.ef22570c-8c96-4dbe-8c89-471a0d33314e:1  Failed to load resource: the server responded with a status of 500 ()
cicmapcwlvdatmgwdylh.supabase.co/rest/v1/zone_object_links?select=*&project_id=eq.d60b597b-b68a-4b2c-b980-1a6ac9d9de39:1  Failed to load resource: the server responded with a status of 500 ()
cicmapcwlvdatmgwdylh.supabase.co/rest/v1/zone_object_links?select=*&project_id=eq.e0cb57e2-f885-40a7-9961-858ca61953db:1  Failed to load resource: the server responded with a status of 500 ()
cicmapcwlvdatmgwdylh.supabase.co/rest/v1/zone_object_links?select=*&project_id=eq.46722224-b36d-4b94-9e7e-33ae17d77740:1  Failed to load resource: the server responded with a status of 500 ()
cicmapcwlvdatmgwdylh.supabase.co/rest/v1/zone_object_links?select=*&project_id=eq.a1a667b5-f3b8-4cb9-a128-9a2ce304615e:1  Failed to load resource: the server responded with a status of 500 ()
cicmapcwlvdatmgwdylh.supabase.co/rest/v1/zone_object_links?select=*&project_id=eq.048998dd-8c93-4659-8c31-44367d16ccbd:1  Failed to load resource: the server responded with a status of 500 ()
cicmapcwlvdatmgwdylh.supabase.co/rest/v1/zone_object_links?select=*&project_id=eq.23792602-055a-4a60-b1d1-2c3df189493d:1  Failed to load resource: the server responded with a status of 500 ()
cicmapcwlvdatmgwdylh.supabase.co/rest/v1/zone_object_links?select=*&project_id=eq.e537555c-42f1-4624-930c-a3157e4674f1:1  Failed to load resource: the server responded with a status of 500 ()
cicmapcwlvdatmgwdylh.supabase.co/rest/v1/zone_object_links?select=*&project_id=eq.c5fb9648-e782-4799-bbf6-954ab96f5190:1  Failed to load resource: the server responded with a status of 500 ()
cicmapcwlvdatmgwdylh.supabase.co/rest/v1/zone_object_links?select=*&project_id=eq.d60b597b-b68a-4b2c-b980-1a6ac9d9de39:1  Failed to load resource: the server responded with a status of 500 ()
cicmapcwlvdatmgwdylh.supabase.co/rest/v1/zone_object_links?select=*&project_id=eq.e0cb57e2-f885-40a7-9961-858ca61953db:1  Failed to load resource: the server responded with a status of 500 ()
cicmapcwlvdatmgwdylh.supabase.co/rest/v1/zone_object_links?select=*&project_id=eq.048998dd-8c93-4659-8c31-44367d16ccbd:1  Failed to load resource: the server responded with a status of 500 ()
cicmapcwlvdatmgwdylh.supabase.co/rest/v1/zones?select=*&project_id=eq.c5fb9648-e782-4799-bbf6-954ab96f5190&order=created_at.desc:1  Failed to load resource: the server responded with a status of 500 ()
cicmapcwlvdatmgwdylh.supabase.co/rest/v1/project_members?select=user_id%2Crole&project_id=eq.c5fb9648-e782-4799-bbf6-954ab96f5190:1  Failed to load resource: the server responded with a status of 500 ()
cicmapcwlvdatmgwdylh.supabase.co/rest/v1/zones?select=*&project_id=eq.c5fb9648-e782-4799-bbf6-954ab96f5190&order=created_at.desc:1  Failed to load resource: the server responded with a status of 500 ()
cicmapcwlvdatmgwdylh.supabase.co/rest/v1/hex_cells?select=*&project_id=eq.c5fb9648-e782-4799-bbf6-954ab96f5190:1  Failed to load resource: the server responded with a status of 500 ()
cicmapcwlvdatmgwdylh.supabase.co/rest/v1/project_members?select=user_id%2Crole&project_id=eq.c5fb9648-e782-4799-bbf6-954ab96f5190:1  Failed to load resource: the server responded with a status of 500 ()
cicmapcwlvdatmgwdylh.supabase.co/rest/v1/project_invitations?select=email%2Crole%2Cstatus&project_id=eq.c5fb9648-e782-4799-bbf6-954ab96f5190:1  Failed to load resource: the server responded with a status of 500 ()
cicmapcwlvdatmgwdylh.supabase.co/rest/v1/buildings?select=*&project_id=eq.c5fb9648-e782-4799-bbf6-954ab96f5190:1  Failed to load resource: the server responded with a status of 500 ()
cicmapcwlvdatmgwdylh.supabase.co/rest/v1/hex_cells?select=*&project_id=eq.c5fb9648-e782-4799-bbf6-954ab96f5190:1  Failed to load resource: the server responded with a status of 500 ()
cicmapcwlvdatmgwdylh.supabase.co/rest/v1/project_members?select=user_id%2Crole&project_id=eq.c5fb9648-e782-4799-bbf6-954ab96f5190:1  Failed to load resource: the server responded with a status of 500 ()
cicmapcwlvdatmgwdylh.supabase.co/rest/v1/project_invitations?select=email%2Crole%2Cstatus&project_id=eq.c5fb9648-e782-4799-bbf6-954ab96f5190:1  Failed to load resource: the server responded with a status of 500 ()
ProjectPage.tsx:149 ❌ Failed to load project members: Object
loadProjectMembers @ ProjectPage.tsx:149
cicmapcwlvdatmgwdylh.supabase.co/rest/v1/zone_object_links?select=*&project_id=eq.c5fb9648-e782-4799-bbf6-954ab96f5190:1  Failed to load resource: the server responded with a status of 500 ()
supabase.ts:1340 🔗 Error fetching links: Object
getLinks @ supabase.ts:1340
supabase.ts:1341 🔗 Error details: infinite recursion detected in policy for relation "project_members" null null
getLinks @ supabase.ts:1341
cicmapcwlvdatmgwdylh.supabase.co/rest/v1/buildings?select=*&project_id=eq.c5fb9648-e782-4799-bbf6-954ab96f5190:1  Failed to load resource: the server responded with a status of 500 ()
supabase.ts:296 Error fetching buildings: Object
getBuildings @ supabase.ts:296
cicmapcwlvdatmgwdylh.supabase.co/rest/v1/project_invitations?select=email%2Crole%2Cstatus&project_id=eq.c5fb9648-e782-4799-bbf6-954ab96f5190:1  Failed to load resource: the server responded with a status of 500 ()
ProjectPage.tsx:149 ❌ Failed to load project members: Object
loadProjectMembers @ ProjectPage.tsx:149
cicmapcwlvdatmgwdylh.supabase.co/rest/v1/zone_object_links?select=*&project_id=eq.c5fb9648-e782-4799-bbf6-954ab96f5190:1  Failed to load resource: the server responded with a status of 500 ()
supabase.ts:1340 🔗 Error fetching links: Object
getLinks @ supabase.ts:1340
supabase.ts:1341 🔗 Error details: infinite recursion detected in policy for relation "project_members" null null
getLinks @ supabase.ts:1341
